<?xml version="1.0" encoding="UTF-8"?>
<!-- Generated by org.testng.reporters.JUnitXMLReporter -->
<testsuite hostname="DESKTOP-C4GOGT3" ignored="0" name="Default test" tests="5" failures="0" timestamp="24 Nov 2020 00:46:22 GMT" time="40.727" errors="0">
  <testcase name="validateYourLogoImgDisplay" time="0.061" classname="com.afwp.testcases.HomepageTestcases"/>
  <testcase name="ClickonsignOnbtn" time="0.906" classname="com.afwp.testcases.HomepageTestcases"/>
  <testcase name="EnterValueInSearchEngine" time="3.084" classname="com.afwp.testcases.HomepageTestcases"/>
  <testcase name="SubmitValueInSearchEngine" time="1.274" classname="com.afwp.testcases.HomepageTestcases"/>
  <testcase name="CallUsNow" time="0.033" classname="com.afwp.testcases.HomepageTestcases"/>
</testsuite> <!-- Default test -->
